<?xml version="1.0" encoding="UTF-8"?>
<testng-results skipped="0" failed="0" total="5" passed="5">
  <reporter-output>
  </reporter-output>
  <suite name="Default suite" duration-ms="33911" started-at="2014-12-14T19:52:46Z" finished-at="2014-12-14T19:53:20Z">
    <groups>
    </groups>
    <test name="Default test" duration-ms="33911" started-at="2014-12-14T19:52:46Z" finished-at="2014-12-14T19:53:20Z">
      <class name="com.paxovision.qa.selenium.keyword.driver.KeywordDriver">
        <test-method status="PASS" signature="beforeMethod()[pri:0, instance:com.paxovision.qa.selenium.keyword.driver.KeywordDriver@5bbeffcd]" name="beforeMethod" is-config="true" duration-ms="2605" started-at="2014-12-14T14:52:47Z" finished-at="2014-12-14T14:52:49Z">
          <reporter-output>
          </reporter-output>
        </test-method> <!-- beforeMethod -->
        <test-method status="PASS" signature="driver(java.lang.String, java.lang.String, java.lang.String, java.lang.String, java.lang.String, java.lang.String)[pri:0, instance:com.paxovision.qa.selenium.keyword.driver.KeywordDriver@5bbeffcd]" name="driver" duration-ms="4668" started-at="2014-12-14T14:52:49Z" data-provider="AllScriptList" finished-at="2014-12-14T14:52:54Z">
          <params>
            <param index="0">
              <value>
                <![CDATA[TS001]]>
              </value>
            </param>
            <param index="1">
              <value>
                <![CDATA[ValidUserValidPassword]]>
              </value>
            </param>
            <param index="2">
              <value>
                <![CDATA[Description 1]]>
              </value>
            </param>
            <param index="3">
              <value>
                <![CDATA[Script01]]>
              </value>
            </param>
            <param index="4">
              <value>
                <![CDATA[]]>
              </value>
            </param>
            <param index="5">
              <value>
                <![CDATA[Y]]>
              </value>
            </param>
          </params>
          <reporter-output>
          </reporter-output>
        </test-method> <!-- driver -->
        <test-method status="PASS" signature="afterMethod()[pri:0, instance:com.paxovision.qa.selenium.keyword.driver.KeywordDriver@5bbeffcd]" name="afterMethod" is-config="true" duration-ms="109" started-at="2014-12-14T14:52:54Z" finished-at="2014-12-14T14:52:54Z">
          <reporter-output>
          </reporter-output>
        </test-method> <!-- afterMethod -->
        <test-method status="PASS" signature="beforeMethod()[pri:0, instance:com.paxovision.qa.selenium.keyword.driver.KeywordDriver@5bbeffcd]" name="beforeMethod" is-config="true" duration-ms="1906" started-at="2014-12-14T14:52:54Z" finished-at="2014-12-14T14:52:56Z">
          <reporter-output>
          </reporter-output>
        </test-method> <!-- beforeMethod -->
        <test-method status="PASS" signature="driver(java.lang.String, java.lang.String, java.lang.String, java.lang.String, java.lang.String, java.lang.String)[pri:0, instance:com.paxovision.qa.selenium.keyword.driver.KeywordDriver@5bbeffcd]" name="driver" duration-ms="4871" started-at="2014-12-14T14:52:56Z" data-provider="AllScriptList" finished-at="2014-12-14T14:53:01Z">
          <params>
            <param index="0">
              <value>
                <![CDATA[TS002]]>
              </value>
            </param>
            <param index="1">
              <value>
                <![CDATA[InvalidUserValidPassword]]>
              </value>
            </param>
            <param index="2">
              <value>
                <![CDATA[Description 2]]>
              </value>
            </param>
            <param index="3">
              <value>
                <![CDATA[Script02]]>
              </value>
            </param>
            <param index="4">
              <value>
                <![CDATA[1.0]]>
              </value>
            </param>
            <param index="5">
              <value>
                <![CDATA[Y]]>
              </value>
            </param>
          </params>
          <reporter-output>
          </reporter-output>
        </test-method> <!-- driver -->
        <test-method status="PASS" signature="afterMethod()[pri:0, instance:com.paxovision.qa.selenium.keyword.driver.KeywordDriver@5bbeffcd]" name="afterMethod" is-config="true" duration-ms="125" started-at="2014-12-14T14:53:01Z" finished-at="2014-12-14T14:53:01Z">
          <reporter-output>
          </reporter-output>
        </test-method> <!-- afterMethod -->
        <test-method status="PASS" signature="beforeMethod()[pri:0, instance:com.paxovision.qa.selenium.keyword.driver.KeywordDriver@5bbeffcd]" name="beforeMethod" is-config="true" duration-ms="1858" started-at="2014-12-14T14:53:01Z" finished-at="2014-12-14T14:53:03Z">
          <reporter-output>
          </reporter-output>
        </test-method> <!-- beforeMethod -->
        <test-method status="PASS" signature="driver(java.lang.String, java.lang.String, java.lang.String, java.lang.String, java.lang.String, java.lang.String)[pri:0, instance:com.paxovision.qa.selenium.keyword.driver.KeywordDriver@5bbeffcd]" name="driver" duration-ms="4325" started-at="2014-12-14T14:53:03Z" data-provider="AllScriptList" finished-at="2014-12-14T14:53:07Z">
          <params>
            <param index="0">
              <value>
                <![CDATA[TS002]]>
              </value>
            </param>
            <param index="1">
              <value>
                <![CDATA[InvalidUserValidPassword2]]>
              </value>
            </param>
            <param index="2">
              <value>
                <![CDATA[Description 3]]>
              </value>
            </param>
            <param index="3">
              <value>
                <![CDATA[Script02]]>
              </value>
            </param>
            <param index="4">
              <value>
                <![CDATA[2.0]]>
              </value>
            </param>
            <param index="5">
              <value>
                <![CDATA[Y]]>
              </value>
            </param>
          </params>
          <reporter-output>
          </reporter-output>
        </test-method> <!-- driver -->
        <test-method status="PASS" signature="afterMethod()[pri:0, instance:com.paxovision.qa.selenium.keyword.driver.KeywordDriver@5bbeffcd]" name="afterMethod" is-config="true" duration-ms="125" started-at="2014-12-14T14:53:07Z" finished-at="2014-12-14T14:53:07Z">
          <reporter-output>
          </reporter-output>
        </test-method> <!-- afterMethod -->
        <test-method status="PASS" signature="beforeMethod()[pri:0, instance:com.paxovision.qa.selenium.keyword.driver.KeywordDriver@5bbeffcd]" name="beforeMethod" is-config="true" duration-ms="1781" started-at="2014-12-14T14:53:07Z" finished-at="2014-12-14T14:53:09Z">
          <reporter-output>
          </reporter-output>
        </test-method> <!-- beforeMethod -->
        <test-method status="PASS" signature="driver(java.lang.String, java.lang.String, java.lang.String, java.lang.String, java.lang.String, java.lang.String)[pri:0, instance:com.paxovision.qa.selenium.keyword.driver.KeywordDriver@5bbeffcd]" name="driver" duration-ms="4433" started-at="2014-12-14T14:53:09Z" data-provider="AllScriptList" finished-at="2014-12-14T14:53:13Z">
          <params>
            <param index="0">
              <value>
                <![CDATA[TS003]]>
              </value>
            </param>
            <param index="1">
              <value>
                <![CDATA[ValidUserValidPassword2]]>
              </value>
            </param>
            <param index="2">
              <value>
                <![CDATA[Description 4]]>
              </value>
            </param>
            <param index="3">
              <value>
                <![CDATA[Script03]]>
              </value>
            </param>
            <param index="4">
              <value>
                <![CDATA[]]>
              </value>
            </param>
            <param index="5">
              <value>
                <![CDATA[Y]]>
              </value>
            </param>
          </params>
          <reporter-output>
          </reporter-output>
        </test-method> <!-- driver -->
        <test-method status="PASS" signature="afterMethod()[pri:0, instance:com.paxovision.qa.selenium.keyword.driver.KeywordDriver@5bbeffcd]" name="afterMethod" is-config="true" duration-ms="109" started-at="2014-12-14T14:53:13Z" finished-at="2014-12-14T14:53:13Z">
          <reporter-output>
          </reporter-output>
        </test-method> <!-- afterMethod -->
        <test-method status="PASS" signature="beforeMethod()[pri:0, instance:com.paxovision.qa.selenium.keyword.driver.KeywordDriver@5bbeffcd]" name="beforeMethod" is-config="true" duration-ms="1766" started-at="2014-12-14T14:53:13Z" finished-at="2014-12-14T14:53:15Z">
          <reporter-output>
          </reporter-output>
        </test-method> <!-- beforeMethod -->
        <test-method status="PASS" signature="driver(java.lang.String, java.lang.String, java.lang.String, java.lang.String, java.lang.String, java.lang.String)[pri:0, instance:com.paxovision.qa.selenium.keyword.driver.KeywordDriver@5bbeffcd]" name="driver" duration-ms="4388" started-at="2014-12-14T14:53:15Z" data-provider="AllScriptList" finished-at="2014-12-14T14:53:20Z">
          <params>
            <param index="0">
              <value>
                <![CDATA[TS003]]>
              </value>
            </param>
            <param index="1">
              <value>
                <![CDATA[ValidUserValidPassword3]]>
              </value>
            </param>
            <param index="2">
              <value>
                <![CDATA[Description 5]]>
              </value>
            </param>
            <param index="3">
              <value>
                <![CDATA[Script02]]>
              </value>
            </param>
            <param index="4">
              <value>
                <![CDATA[3.0]]>
              </value>
            </param>
            <param index="5">
              <value>
                <![CDATA[Y]]>
              </value>
            </param>
          </params>
          <reporter-output>
          </reporter-output>
        </test-method> <!-- driver -->
        <test-method status="PASS" signature="afterMethod()[pri:0, instance:com.paxovision.qa.selenium.keyword.driver.KeywordDriver@5bbeffcd]" name="afterMethod" is-config="true" duration-ms="109" started-at="2014-12-14T14:53:20Z" finished-at="2014-12-14T14:53:20Z">
          <reporter-output>
          </reporter-output>
        </test-method> <!-- afterMethod -->
      </class> <!-- com.paxovision.qa.selenium.keyword.driver.KeywordDriver -->
    </test> <!-- Default test -->
  </suite> <!-- Default suite -->
</testng-results>
