<?xml version="1.0" encoding="UTF-8"?>
<!-- Generated by org.testng.reporters.JUnitReportReporter -->
<testsuite hostname="iivaan-pc" name="com.paxovision.cucumber.HeatClinicTestRunner" tests="1" failures="1" timestamp="17 Jan 2015 19:55:26 GMT" time="5.618" errors="0">
  <testcase name="cucumberTest" time="5.618" classname="com.paxovision.cucumber.HeatClinicTestRunner">
    <failure type="cucumber.runtime.CucumberException" message="java.lang.AssertionError: 
Expected: equalToIgnoringCase(&quot;The ex-mail address and/or password entered do not match our records. Please try again&quot;)
     but: was The e-mail address and/or password entered do not match our records. Please try again">
      <![CDATA[cucumber.runtime.CucumberException: java.lang.AssertionError: 
Expected: equalToIgnoringCase("The ex-mail address and/or password entered do not match our records. Please try again")
     but: was The e-mail address and/or password entered do not match our records. Please try again
	at cucumber.api.testng.TestNGCucumberRunner.runCukes(TestNGCucumberRunner.java:48)
	at com.paxovision.cucumber.HeatClinicTestRunner.cucumberTest(HeatClinicTestRunner.java:26)
	at sun.reflect.NativeMethodAccessorImpl.invoke0(Native Method)
	at sun.reflect.NativeMethodAccessorImpl.invoke(NativeMethodAccessorImpl.java:57)
	at sun.reflect.DelegatingMethodAccessorImpl.invoke(DelegatingMethodAccessorImpl.java:43)
	at java.lang.reflect.Method.invoke(Method.java:606)
	at org.testng.internal.MethodInvocationHelper.invokeMethod(MethodInvocationHelper.java:84)
	at org.testng.internal.MethodInvocationHelper$1.runTestMethod(MethodInvocationHelper.java:200)
	at org.springframework.test.context.testng.AbstractTestNGSpringContextTests.run(AbstractTestNGSpringContextTests.java:172)
	at sun.reflect.NativeMethodAccessorImpl.invoke0(Native Method)
	at sun.reflect.NativeMethodAccessorImpl.invoke(NativeMethodAccessorImpl.java:57)
	at sun.reflect.DelegatingMethodAccessorImpl.invoke(DelegatingMethodAccessorImpl.java:43)
	at java.lang.reflect.Method.invoke(Method.java:606)
	at org.testng.internal.MethodInvocationHelper.invokeHookable(MethodInvocationHelper.java:212)
	at org.testng.internal.Invoker.invokeMethod(Invoker.java:707)
	at org.testng.internal.Invoker.invokeTestMethod(Invoker.java:901)
	at org.testng.internal.Invoker.invokeTestMethods(Invoker.java:1231)
	at org.testng.internal.TestMethodWorker.invokeTestMethods(TestMethodWorker.java:127)
	at org.testng.internal.TestMethodWorker.run(TestMethodWorker.java:111)
	at org.testng.TestRunner.privateRun(TestRunner.java:767)
	at org.testng.TestRunner.run(TestRunner.java:617)
	at org.testng.SuiteRunner.runTest(SuiteRunner.java:334)
	at org.testng.SuiteRunner.runSequentially(SuiteRunner.java:329)
	at org.testng.SuiteRunner.privateRun(SuiteRunner.java:291)
	at org.testng.SuiteRunner.run(SuiteRunner.java:240)
	at org.testng.SuiteRunnerWorker.runSuite(SuiteRunnerWorker.java:52)
	at org.testng.SuiteRunnerWorker.run(SuiteRunnerWorker.java:86)
	at org.testng.TestNG.runSuitesSequentially(TestNG.java:1224)
	at org.testng.TestNG.runSuitesLocally(TestNG.java:1149)
	at org.testng.TestNG.run(TestNG.java:1057)
	at org.testng.remote.RemoteTestNG.run(RemoteTestNG.java:111)
	at org.testng.remote.RemoteTestNG.initAndRun(RemoteTestNG.java:204)
	at org.testng.remote.RemoteTestNG.main(RemoteTestNG.java:175)
Caused by: java.lang.AssertionError: 
Expected: equalToIgnoringCase("The ex-mail address and/or password entered do not match our records. Please try again")
     but: was The e-mail address and/or password entered do not match our records. Please try again
	at org.hamcrest.MatcherAssert.assertThat(MatcherAssert.java:20)
	at org.hamcrest.MatcherAssert.assertThat(MatcherAssert.java:8)
	at com.paxovision.cucumber.steps.HeatclinicSteps.invalid_email_or_password_message_display_as(HeatclinicSteps.java:62)
	at ✽.Then Invalid email or password message display as "The ex-mail address and/or password entered do not match our records. Please try again"(HeatclinicLogin.feature:12)
]]>
    </failure>
  </testcase> <!-- cucumberTest -->
</testsuite> <!-- com.paxovision.cucumber.HeatClinicTestRunner -->
