<?xml version="1.0" encoding="UTF-8"?>
<!-- Generated by org.testng.reporters.JUnitXMLReporter -->
<testsuite hostname="iivaan-pc" name="Default test" tests="5" failures="0" timestamp="14 Dec 2014 19:53:20 GMT" time="33.911" errors="0">
  <testcase name="driver" time="4.668" classname="com.paxovision.qa.selenium.keyword.driver.KeywordDriver"/>
  <testcase name="driver" time="4.871" classname="com.paxovision.qa.selenium.keyword.driver.KeywordDriver"/>
  <testcase name="driver" time="4.325" classname="com.paxovision.qa.selenium.keyword.driver.KeywordDriver"/>
  <testcase name="driver" time="4.433" classname="com.paxovision.qa.selenium.keyword.driver.KeywordDriver"/>
  <testcase name="driver" time="4.388" classname="com.paxovision.qa.selenium.keyword.driver.KeywordDriver"/>
</testsuite> <!-- Default test -->
